生成启动时间为 2018/12/15 0:55:44。
     1>项目“E:\C Project\Simplex\Simplex\Simplex.vcxproj”在节点 2 上(build 个目标)。
     1>InitializeBuildStatus:
         正在对“Debug\Simplex.unsuccessfulbuild”执行 Touch 任务。
       ClCompile:
         所有输出均为最新。
         g:\Microsoft Visual Studio 2010\VC\bin\CL.exe /c /ZI /nologo /W3 /WX- /Od /Oy- /D WIN32 /D _DEBUG /D _CONSOLE /D _UNICODE /D UNICODE /Gm /EHsc /RTC1 /MDd /GS /fp:precise /Zc:wchar_t /Zc:forScope /Yu"StdAfx.h" /Fp"Debug\Simplex.pch" /Fo"Debug\\" /Fd"Debug\vc100.pdb" /Gd /TP /analyze- /errorReport:prompt Simplex.cpp
         Simplex.cpp
     1>e:\c project\simplex\simplex\simplex.cpp(24): warning C4244: “初始化”: 从“double”转换到“float”，可能丢失数据
     1>e:\c project\simplex\simplex\simplex.cpp(84): warning C4996: 'scanf': This function or variable may be unsafe. Consider using scanf_s instead. To disable deprecation, use _CRT_SECURE_NO_WARNINGS. See online help for details.
                 g:\microsoft visual studio 2010\vc\include\stdio.h(304) : 参见“scanf”的声明
       ManifestResourceCompile:
         所有输出均为最新。
       Link:
         g:\Microsoft Visual Studio 2010\VC\bin\link.exe /ERRORREPORT:PROMPT /OUT:"E:\C Project\Simplex\Debug\Simplex.exe" /INCREMENTAL /NOLOGO kernel32.lib user32.lib gdi32.lib winspool.lib comdlg32.lib advapi32.lib shell32.lib ole32.lib oleaut32.lib uuid.lib odbc32.lib odbccp32.lib /MANIFEST /ManifestFile:"Debug\Simplex.exe.intermediate.manifest" /MANIFESTUAC:"level='asInvoker' uiAccess='false'" /DEBUG /PDB:"E:\C Project\Simplex\Debug\Simplex.pdb" /SUBSYSTEM:CONSOLE /TLBID:1 /DYNAMICBASE /NXCOMPAT /IMPLIB:"E:\C Project\Simplex\Debug\Simplex.lib" /MACHINE:X86 Debug\Simplex.exe.embed.manifest.res
         Debug\Simplex.obj
         Debug\stdafx.obj
       Manifest:
         C:\Program Files (x86)\Microsoft SDKs\Windows\v7.0A\bin\mt.exe /nologo /verbose /out:"Debug\Simplex.exe.embed.manifest" /manifest Debug\Simplex.exe.intermediate.manifest
         所有输出均为最新。
       LinkEmbedManifest:
         所有输出均为最新。
         Simplex.vcxproj -> E:\C Project\Simplex\Debug\Simplex.exe
       FinalizeBuildStatus:
         正在删除文件“Debug\Simplex.unsuccessfulbuild”。
         正在对“Debug\Simplex.lastbuildstate”执行 Touch 任务。
     1>已完成生成项目“E:\C Project\Simplex\Simplex\Simplex.vcxproj”(build 个目标)的操作。

生成成功。

已用时间 00:00:00.88
