生成启动时间为 2019/1/6 16:34:21。
     1>项目“E:\C Project\Maximum Knights\Maximum Knights\Maximum Knights.vcxproj”在节点 2 上(build 个目标)。
     1>PrepareForBuild:
         正在创建目录“E:\C Project\Maximum Knights\Debug\”。
       InitializeBuildStatus:
         正在创建“Debug\Maximum Knights.unsuccessfulbuild”，因为已指定“AlwaysCreate”。
       ClCompile:
         g:\Microsoft Visual Studio 2010\VC\bin\CL.exe /c /ZI /nologo /W3 /WX- /Od /Oy- /D WIN32 /D _DEBUG /D _CONSOLE /D _UNICODE /D UNICODE /Gm /EHsc /RTC1 /MDd /GS /fp:precise /Zc:wchar_t /Zc:forScope /Yc"StdAfx.h" /Fp"Debug\Maximum Knights.pch" /Fo"Debug\\" /Fd"Debug\vc100.pdb" /Gd /TP /analyze- /errorReport:prompt stdafx.cpp
         stdafx.cpp
         g:\Microsoft Visual Studio 2010\VC\bin\CL.exe /c /ZI /nologo /W3 /WX- /Od /Oy- /D WIN32 /D _DEBUG /D _CONSOLE /D _UNICODE /D UNICODE /Gm /EHsc /RTC1 /MDd /GS /fp:precise /Zc:wchar_t /Zc:forScope /Yu"StdAfx.h" /Fp"Debug\Maximum Knights.pch" /Fo"Debug\\" /Fd"Debug\vc100.pdb" /Gd /TP /analyze- /errorReport:prompt "Maximum Knights.cpp"
         Maximum Knights.cpp
     1>e:\c project\maximum knights\maximum knights\maximum knights.cpp(77): warning C4996: 'scanf': This function or variable may be unsafe. Consider using scanf_s instead. To disable deprecation, use _CRT_SECURE_NO_WARNINGS. See online help for details.
                 g:\microsoft visual studio 2010\vc\include\stdio.h(304) : 参见“scanf”的声明
     1>e:\c project\maximum knights\maximum knights\maximum knights.cpp(82): warning C4996: 'scanf': This function or variable may be unsafe. Consider using scanf_s instead. To disable deprecation, use _CRT_SECURE_NO_WARNINGS. See online help for details.
                 g:\microsoft visual studio 2010\vc\include\stdio.h(304) : 参见“scanf”的声明
       ManifestResourceCompile:
         C:\Program Files (x86)\Microsoft SDKs\Windows\v7.0A\bin\rc.exe /nologo /fo"Debug\Maximum Knights.exe.embed.manifest.res" "Debug\Maximum Knights_manifest.rc" 
       Link:
         g:\Microsoft Visual Studio 2010\VC\bin\link.exe /ERRORREPORT:PROMPT /OUT:"E:\C Project\Maximum Knights\Debug\Maximum Knights.exe" /INCREMENTAL /NOLOGO kernel32.lib user32.lib gdi32.lib winspool.lib comdlg32.lib advapi32.lib shell32.lib ole32.lib oleaut32.lib uuid.lib odbc32.lib odbccp32.lib /MANIFEST /ManifestFile:"Debug\Maximum Knights.exe.intermediate.manifest" /MANIFESTUAC:"level='asInvoker' uiAccess='false'" /DEBUG /PDB:"E:\C Project\Maximum Knights\Debug\Maximum Knights.pdb" /SUBSYSTEM:CONSOLE /TLBID:1 /DYNAMICBASE /NXCOMPAT /IMPLIB:"E:\C Project\Maximum Knights\Debug\Maximum Knights.lib" /MACHINE:X86 "Debug\Maximum Knights.exe.embed.manifest.res"
         "Debug\Maximum Knights.obj"
         Debug\stdafx.obj
       Manifest:
         C:\Program Files (x86)\Microsoft SDKs\Windows\v7.0A\bin\mt.exe /nologo /verbose /out:"Debug\Maximum Knights.exe.embed.manifest" /manifest "Debug\Maximum Knights.exe.intermediate.manifest"
         C:\Program Files (x86)\Microsoft SDKs\Windows\v7.0A\bin\rc.exe /nologo /fo"Debug\Maximum Knights.exe.embed.manifest.res" "Debug\Maximum Knights_manifest.rc" 
       LinkEmbedManifest:
         g:\Microsoft Visual Studio 2010\VC\bin\link.exe /ERRORREPORT:PROMPT /OUT:"E:\C Project\Maximum Knights\Debug\Maximum Knights.exe" /INCREMENTAL /NOLOGO kernel32.lib user32.lib gdi32.lib winspool.lib comdlg32.lib advapi32.lib shell32.lib ole32.lib oleaut32.lib uuid.lib odbc32.lib odbccp32.lib /MANIFEST /ManifestFile:"Debug\Maximum Knights.exe.intermediate.manifest" /MANIFESTUAC:"level='asInvoker' uiAccess='false'" /DEBUG /PDB:"E:\C Project\Maximum Knights\Debug\Maximum Knights.pdb" /SUBSYSTEM:CONSOLE /TLBID:1 /DYNAMICBASE /NXCOMPAT /IMPLIB:"E:\C Project\Maximum Knights\Debug\Maximum Knights.lib" /MACHINE:X86 "Debug\Maximum Knights.exe.embed.manifest.res"
         "Debug\Maximum Knights.obj"
         Debug\stdafx.obj
         Maximum Knights.vcxproj -> E:\C Project\Maximum Knights\Debug\Maximum Knights.exe
       FinalizeBuildStatus:
         正在删除文件“Debug\Maximum Knights.unsuccessfulbuild”。
         正在对“Debug\Maximum Knights.lastbuildstate”执行 Touch 任务。
     1>已完成生成项目“E:\C Project\Maximum Knights\Maximum Knights\Maximum Knights.vcxproj”(build 个目标)的操作。

生成成功。

已用时间 00:00:02.40
