生成启动时间为 2018/10/7 22:03:49。
     1>项目“E:\C Project\the kth number\the kth number\the kth number.vcxproj”在节点 2 上(build 个目标)。
     1>InitializeBuildStatus:
         正在创建“Debug\the kth number.unsuccessfulbuild”，因为已指定“AlwaysCreate”。
       ClCompile:
         所有输出均为最新。
         g:\Microsoft Visual Studio 2010\VC\bin\CL.exe /c /ZI /nologo /W3 /WX- /Od /Oy- /D WIN32 /D _DEBUG /D _CONSOLE /D _UNICODE /D UNICODE /Gm /EHsc /RTC1 /MDd /GS /fp:precise /Zc:wchar_t /Zc:forScope /Yu"StdAfx.h" /Fp"Debug\the kth number.pch" /Fo"Debug\\" /Fd"Debug\vc100.pdb" /Gd /TP /analyze- /errorReport:prompt "the kth number.cpp"
         the kth number.cpp
     1>e:\c project\the kth number\the kth number\the kth number.cpp(50): warning C4996: 'scanf': This function or variable may be unsafe. Consider using scanf_s instead. To disable deprecation, use _CRT_SECURE_NO_WARNINGS. See online help for details.
                 g:\microsoft visual studio 2010\vc\include\stdio.h(304) : 参见“scanf”的声明
     1>e:\c project\the kth number\the kth number\the kth number.cpp(53): warning C4996: 'scanf': This function or variable may be unsafe. Consider using scanf_s instead. To disable deprecation, use _CRT_SECURE_NO_WARNINGS. See online help for details.
                 g:\microsoft visual studio 2010\vc\include\stdio.h(304) : 参见“scanf”的声明
       ManifestResourceCompile:
         所有输出均为最新。
       Link:
         g:\Microsoft Visual Studio 2010\VC\bin\link.exe /ERRORREPORT:PROMPT /OUT:"E:\C Project\the kth number\Debug\the kth number.exe" /INCREMENTAL /NOLOGO kernel32.lib user32.lib gdi32.lib winspool.lib comdlg32.lib advapi32.lib shell32.lib ole32.lib oleaut32.lib uuid.lib odbc32.lib odbccp32.lib /MANIFEST /ManifestFile:"Debug\the kth number.exe.intermediate.manifest" /MANIFESTUAC:"level='asInvoker' uiAccess='false'" /DEBUG /PDB:"E:\C Project\the kth number\Debug\the kth number.pdb" /SUBSYSTEM:CONSOLE /TLBID:1 /DYNAMICBASE /NXCOMPAT /IMPLIB:"E:\C Project\the kth number\Debug\the kth number.lib" /MACHINE:X86 "Debug\the kth number.exe.embed.manifest.res"
         Debug\stdafx.obj
         "Debug\the kth number.obj"
       Manifest:
         C:\Program Files (x86)\Microsoft SDKs\Windows\v7.0A\bin\mt.exe /nologo /verbose /out:"Debug\the kth number.exe.embed.manifest" /manifest "Debug\the kth number.exe.intermediate.manifest"
         所有输出均为最新。
       LinkEmbedManifest:
         所有输出均为最新。
         the kth number.vcxproj -> E:\C Project\the kth number\Debug\the kth number.exe
       FinalizeBuildStatus:
         正在删除文件“Debug\the kth number.unsuccessfulbuild”。
         正在对“Debug\the kth number.lastbuildstate”执行 Touch 任务。
     1>已完成生成项目“E:\C Project\the kth number\the kth number\the kth number.vcxproj”(build 个目标)的操作。

生成成功。

已用时间 00:00:01.13
