生成启动时间为 2018/11/11 13:50:56。
     1>项目“E:\C Project\Cross river\Cross river\Cross river.vcxproj”在节点 2 上(build 个目标)。
     1>InitializeBuildStatus:
         正在创建“Debug\Cross river.unsuccessfulbuild”，因为已指定“AlwaysCreate”。
       ClCompile:
         所有输出均为最新。
         g:\Microsoft Visual Studio 2010\VC\bin\CL.exe /c /ZI /nologo /W3 /WX- /Od /Oy- /D WIN32 /D _DEBUG /D _CONSOLE /D _UNICODE /D UNICODE /Gm /EHsc /RTC1 /MDd /GS /fp:precise /Zc:wchar_t /Zc:forScope /Yu"StdAfx.h" /Fp"Debug\Cross river.pch" /Fo"Debug\\" /Fd"Debug\vc100.pdb" /Gd /TP /analyze- /errorReport:prompt "Cross river.cpp"
         Cross river.cpp
     1>e:\c project\cross river\cross river\cross river.cpp(13): warning C4996: 'scanf': This function or variable may be unsafe. Consider using scanf_s instead. To disable deprecation, use _CRT_SECURE_NO_WARNINGS. See online help for details.
                 g:\microsoft visual studio 2010\vc\include\stdio.h(304) : 参见“scanf”的声明
     1>e:\c project\cross river\cross river\cross river.cpp(14): warning C4996: 'scanf': This function or variable may be unsafe. Consider using scanf_s instead. To disable deprecation, use _CRT_SECURE_NO_WARNINGS. See online help for details.
                 g:\microsoft visual studio 2010\vc\include\stdio.h(304) : 参见“scanf”的声明
     1>e:\c project\cross river\cross river\cross river.cpp(22): warning C4996: 'scanf': This function or variable may be unsafe. Consider using scanf_s instead. To disable deprecation, use _CRT_SECURE_NO_WARNINGS. See online help for details.
                 g:\microsoft visual studio 2010\vc\include\stdio.h(304) : 参见“scanf”的声明
       ManifestResourceCompile:
         所有输出均为最新。
       Link:
         g:\Microsoft Visual Studio 2010\VC\bin\link.exe /ERRORREPORT:PROMPT /OUT:"E:\C Project\Cross river\Debug\Cross river.exe" /INCREMENTAL /NOLOGO kernel32.lib user32.lib gdi32.lib winspool.lib comdlg32.lib advapi32.lib shell32.lib ole32.lib oleaut32.lib uuid.lib odbc32.lib odbccp32.lib /MANIFEST /ManifestFile:"Debug\Cross river.exe.intermediate.manifest" /MANIFESTUAC:"level='asInvoker' uiAccess='false'" /DEBUG /PDB:"E:\C Project\Cross river\Debug\Cross river.pdb" /SUBSYSTEM:CONSOLE /TLBID:1 /DYNAMICBASE /NXCOMPAT /IMPLIB:"E:\C Project\Cross river\Debug\Cross river.lib" /MACHINE:X86 "Debug\Cross river.exe.embed.manifest.res"
         "Debug\Cross river.obj"
         Debug\stdafx.obj
       Manifest:
         C:\Program Files (x86)\Microsoft SDKs\Windows\v7.0A\bin\mt.exe /nologo /verbose /out:"Debug\Cross river.exe.embed.manifest" /manifest "Debug\Cross river.exe.intermediate.manifest"
         所有输出均为最新。
       LinkEmbedManifest:
         所有输出均为最新。
         Cross river.vcxproj -> E:\C Project\Cross river\Debug\Cross river.exe
       FinalizeBuildStatus:
         正在删除文件“Debug\Cross river.unsuccessfulbuild”。
         正在对“Debug\Cross river.lastbuildstate”执行 Touch 任务。
     1>已完成生成项目“E:\C Project\Cross river\Cross river\Cross river.vcxproj”(build 个目标)的操作。

生成成功。

已用时间 00:00:00.87
