生成启动时间为 2018/12/8 23:22:30。
     1>项目“E:\C Project\Volunteer Recruitment\Volunteer Recruitment\Volunteer Recruitment.vcxproj”在节点 2 上(build 个目标)。
     1>InitializeBuildStatus:
         正在对“Debug\Volunteer Recruitment.unsuccessfulbuild”执行 Touch 任务。
       ClCompile:
         所有输出均为最新。
         g:\Microsoft Visual Studio 2010\VC\bin\CL.exe /c /ZI /nologo /W3 /WX- /Od /Oy- /D WIN32 /D _DEBUG /D _CONSOLE /D _UNICODE /D UNICODE /Gm /EHsc /RTC1 /MDd /GS /fp:precise /Zc:wchar_t /Zc:forScope /Yu"StdAfx.h" /Fp"Debug\Volunteer Recruitment.pch" /Fo"Debug\\" /Fd"Debug\vc100.pdb" /Gd /TP /analyze- /errorReport:prompt "Volunteer Recruitment.cpp"
         Volunteer Recruitment.cpp
     1>e:\c project\volunteer recruitment\volunteer recruitment\volunteer recruitment.cpp(34): warning C4800: “int”: 将值强制为布尔值“true”或“false”(性能警告)
     1>e:\c project\volunteer recruitment\volunteer recruitment\volunteer recruitment.cpp(55): warning C4996: 'scanf': This function or variable may be unsafe. Consider using scanf_s instead. To disable deprecation, use _CRT_SECURE_NO_WARNINGS. See online help for details.
                 g:\microsoft visual studio 2010\vc\include\stdio.h(304) : 参见“scanf”的声明
     1>e:\c project\volunteer recruitment\volunteer recruitment\volunteer recruitment.cpp(57): warning C4996: 'scanf': This function or variable may be unsafe. Consider using scanf_s instead. To disable deprecation, use _CRT_SECURE_NO_WARNINGS. See online help for details.
                 g:\microsoft visual studio 2010\vc\include\stdio.h(304) : 参见“scanf”的声明
     1>e:\c project\volunteer recruitment\volunteer recruitment\volunteer recruitment.cpp(59): warning C4996: 'scanf': This function or variable may be unsafe. Consider using scanf_s instead. To disable deprecation, use _CRT_SECURE_NO_WARNINGS. See online help for details.
                 g:\microsoft visual studio 2010\vc\include\stdio.h(304) : 参见“scanf”的声明
       ManifestResourceCompile:
         C:\Program Files (x86)\Microsoft SDKs\Windows\v7.0A\bin\rc.exe /nologo /fo"Debug\Volunteer Recruitment.exe.embed.manifest.res" "Debug\Volunteer Recruitment_manifest.rc" 
       Link:
         g:\Microsoft Visual Studio 2010\VC\bin\link.exe /ERRORREPORT:PROMPT /OUT:"E:\C Project\Volunteer Recruitment\Debug\Volunteer Recruitment.exe" /INCREMENTAL /NOLOGO kernel32.lib user32.lib gdi32.lib winspool.lib comdlg32.lib advapi32.lib shell32.lib ole32.lib oleaut32.lib uuid.lib odbc32.lib odbccp32.lib /MANIFEST /ManifestFile:"Debug\Volunteer Recruitment.exe.intermediate.manifest" /MANIFESTUAC:"level='asInvoker' uiAccess='false'" /DEBUG /PDB:"E:\C Project\Volunteer Recruitment\Debug\Volunteer Recruitment.pdb" /SUBSYSTEM:CONSOLE /TLBID:1 /DYNAMICBASE /NXCOMPAT /IMPLIB:"E:\C Project\Volunteer Recruitment\Debug\Volunteer Recruitment.lib" /MACHINE:X86 "Debug\Volunteer Recruitment.exe.embed.manifest.res"
         Debug\stdafx.obj
         "Debug\Volunteer Recruitment.obj"
       Manifest:
         C:\Program Files (x86)\Microsoft SDKs\Windows\v7.0A\bin\mt.exe /nologo /verbose /out:"Debug\Volunteer Recruitment.exe.embed.manifest" /manifest "Debug\Volunteer Recruitment.exe.intermediate.manifest"
         C:\Program Files (x86)\Microsoft SDKs\Windows\v7.0A\bin\rc.exe /nologo /fo"Debug\Volunteer Recruitment.exe.embed.manifest.res" "Debug\Volunteer Recruitment_manifest.rc" 
       LinkEmbedManifest:
         g:\Microsoft Visual Studio 2010\VC\bin\link.exe /ERRORREPORT:PROMPT /OUT:"E:\C Project\Volunteer Recruitment\Debug\Volunteer Recruitment.exe" /INCREMENTAL /NOLOGO kernel32.lib user32.lib gdi32.lib winspool.lib comdlg32.lib advapi32.lib shell32.lib ole32.lib oleaut32.lib uuid.lib odbc32.lib odbccp32.lib /MANIFEST /ManifestFile:"Debug\Volunteer Recruitment.exe.intermediate.manifest" /MANIFESTUAC:"level='asInvoker' uiAccess='false'" /DEBUG /PDB:"E:\C Project\Volunteer Recruitment\Debug\Volunteer Recruitment.pdb" /SUBSYSTEM:CONSOLE /TLBID:1 /DYNAMICBASE /NXCOMPAT /IMPLIB:"E:\C Project\Volunteer Recruitment\Debug\Volunteer Recruitment.lib" /MACHINE:X86 "Debug\Volunteer Recruitment.exe.embed.manifest.res"
         Debug\stdafx.obj
         "Debug\Volunteer Recruitment.obj"
         Volunteer Recruitment.vcxproj -> E:\C Project\Volunteer Recruitment\Debug\Volunteer Recruitment.exe
       FinalizeBuildStatus:
         正在删除文件“Debug\Volunteer Recruitment.unsuccessfulbuild”。
         正在对“Debug\Volunteer Recruitment.lastbuildstate”执行 Touch 任务。
     1>已完成生成项目“E:\C Project\Volunteer Recruitment\Volunteer Recruitment\Volunteer Recruitment.vcxproj”(build 个目标)的操作。

生成成功。

已用时间 00:00:02.70
